Reading netlist file: "E:\DO_AN_TKLL\do_an_tkll\impl\gwsynthesis\do_an.vg"
Parsing netlist file "E:\DO_AN_TKLL\do_an_tkll\impl\gwsynthesis\do_an.vg" completed
Processing netlist completed
Reading constraint file: "E:\DO_AN_TKLL\do_an_tkll\src\connectIO.cst"
Physical Constraint parsed completed
Running placement......
[10%] Placement Phase 0 completed
[20%] Placement Phase 1 completed
[30%] Placement Phase 2 completed
[50%] Placement Phase 3 completed
Running routing......
[60%] Routing Phase 0 completed
[70%] Routing Phase 1 completed
[80%] Routing Phase 2 completed
[90%] Routing Phase 3 completed
Running timing analysis......
[95%] Timing analysis completed
Placement and routing completed
Bitstream generation in progress......
Bitstream generation completed
Running power analysis......
[100%] Power analysis completed
Generate file "E:\DO_AN_TKLL\do_an_tkll\impl\pnr\do_an.power.html" completed
Generate file "E:\DO_AN_TKLL\do_an_tkll\impl\pnr\do_an.pin.html" completed
Generate file "E:\DO_AN_TKLL\do_an_tkll\impl\pnr\do_an.rpt.html" completed
Generate file "E:\DO_AN_TKLL\do_an_tkll\impl\pnr\do_an.rpt.txt" completed
Generate file "E:\DO_AN_TKLL\do_an_tkll\impl\pnr\do_an.tr.html" completed
Wed Dec 20 22:39:01 2023

